<?xml version="1.0" encoding="UTF-8"?>
<!-- Generated by org.testng.reporters.JUnitReportReporter -->
<testsuite hostname="Junaid.local" failures="0" tests="1" name="testCases.Scenario1_Tests" time="2.092" errors="0" timestamp="2020-11-02T02:43:12 IST" skipped="0">
  <testcase classname="testCases.Scenario1_Tests" name="scenario_01" time="2.092"/>
  <system-out/>
</testsuite> <!-- testCases.Scenario1_Tests -->
