<?xml version="1.0" encoding="UTF-8"?>
<!-- Generated by org.testng.reporters.JUnitReportReporter -->
<testsuite hostname="Junaid.local" failures="0" tests="1" name="apiautomation.Tests" time="3.163" errors="0" timestamp="2020-11-01T13:18:32 IST" skipped="0">
  <testcase classname="apiautomation.Tests" name="scenario_01" time="3.163"/>
  <system-out/>
</testsuite> <!-- apiautomation.Tests -->
