<?xml version="1.0" encoding="UTF-8"?>
<!-- Generated by org.testng.reporters.JUnitReportReporter -->
<testsuite hostname="Junaid.local" failures="0" tests="1" name="apiautomation.Scenario1_Tests" time="2.139" errors="0" timestamp="2020-11-02T00:54:19 IST" skipped="0">
  <testcase classname="apiautomation.Scenario1_Tests" name="scenario_01" time="2.139"/>
  <system-out/>
</testsuite> <!-- apiautomation.Scenario1_Tests -->
